Determining if the pthread_create exist failed with the following output:
Change Dir: /home/brandon/Projects/root-6.10.04/root/CMakeFiles/CMakeTmp

Run Build Command:"/usr/bin/make" "cmTC_76dca/fast"
/usr/bin/make -f CMakeFiles/cmTC_76dca.dir/build.make CMakeFiles/cmTC_76dca.dir/build
make[1]: Entering directory '/home/brandon/Projects/root-6.10.04/root/CMakeFiles/CMakeTmp'
Building C object CMakeFiles/cmTC_76dca.dir/CheckSymbolExists.c.o
/usr/bin/cc    -o CMakeFiles/cmTC_76dca.dir/CheckSymbolExists.c.o   -c /home/brandon/Projects/root-6.10.04/root/CMakeFiles/CMakeTmp/CheckSymbolExists.c
Linking C executable cmTC_76dca
/usr/bin/cmake -E cmake_link_script CMakeFiles/cmTC_76dca.dir/link.txt --verbose=1
/usr/bin/cc      CMakeFiles/cmTC_76dca.dir/CheckSymbolExists.c.o  -o cmTC_76dca 
CMakeFiles/cmTC_76dca.dir/CheckSymbolExists.c.o: In function `main':
CheckSymbolExists.c:(.text+0x1b): undefined reference to `pthread_create'
collect2: error: ld returned 1 exit status
CMakeFiles/cmTC_76dca.dir/build.make:97: recipe for target 'cmTC_76dca' failed
make[1]: *** [cmTC_76dca] Error 1
make[1]: Leaving directory '/home/brandon/Projects/root-6.10.04/root/CMakeFiles/CMakeTmp'
Makefile:126: recipe for target 'cmTC_76dca/fast' failed
make: *** [cmTC_76dca/fast] Error 2

File /home/brandon/Projects/root-6.10.04/root/CMakeFiles/CMakeTmp/CheckSymbolExists.c:
/* */
#include <pthread.h>

int main(int argc, char** argv)
{
  (void)argv;
#ifndef pthread_create
  return ((int*)(&pthread_create))[argc];
#else
  (void)argc;
  return 0;
#endif
}

Determining if the function pthread_create exists in the pthreads failed with the following output:
Change Dir: /home/brandon/Projects/root-6.10.04/root/CMakeFiles/CMakeTmp

Run Build Command:"/usr/bin/make" "cmTC_7822f/fast"
/usr/bin/make -f CMakeFiles/cmTC_7822f.dir/build.make CMakeFiles/cmTC_7822f.dir/build
make[1]: Entering directory '/home/brandon/Projects/root-6.10.04/root/CMakeFiles/CMakeTmp'
Building C object CMakeFiles/cmTC_7822f.dir/CheckFunctionExists.c.o
/usr/bin/cc   -DCHECK_FUNCTION_EXISTS=pthread_create   -o CMakeFiles/cmTC_7822f.dir/CheckFunctionExists.c.o   -c /usr/share/cmake-3.10/Modules/CheckFunctionExists.c
Linking C executable cmTC_7822f
/usr/bin/cmake -E cmake_link_script CMakeFiles/cmTC_7822f.dir/link.txt --verbose=1
/usr/bin/cc  -DCHECK_FUNCTION_EXISTS=pthread_create    CMakeFiles/cmTC_7822f.dir/CheckFunctionExists.c.o  -o cmTC_7822f -lpthreads 
/usr/bin/ld: cannot find -lpthreads
collect2: error: ld returned 1 exit status
CMakeFiles/cmTC_7822f.dir/build.make:97: recipe for target 'cmTC_7822f' failed
make[1]: *** [cmTC_7822f] Error 1
make[1]: Leaving directory '/home/brandon/Projects/root-6.10.04/root/CMakeFiles/CMakeTmp'
Makefile:126: recipe for target 'cmTC_7822f/fast' failed
make: *** [cmTC_7822f/fast] Error 2


Determining if the Q_WS_WIN exist failed with the following output:
Change Dir: /home/brandon/Projects/root-6.10.04/root/CMakeFiles/CMakeTmp

Run Build Command:"/usr/bin/make" "cmTC_e49fa/fast"
/usr/bin/make -f CMakeFiles/cmTC_e49fa.dir/build.make CMakeFiles/cmTC_e49fa.dir/build
make[1]: Entering directory '/home/brandon/Projects/root-6.10.04/root/CMakeFiles/CMakeTmp'
Building CXX object CMakeFiles/cmTC_e49fa.dir/CheckSymbolExists.cxx.o
/usr/bin/c++   -I/usr/include/qt4  -Wno-implicit-fallthrough -Wno-noexcept-type -pipe -m64  -Wshadow -Wall -W -Woverloaded-virtual -fsigned-char -fPIC -pthread -std=c++11    -o CMakeFiles/cmTC_e49fa.dir/CheckSymbolExists.cxx.o -c /home/brandon/Projects/root-6.10.04/root/CMakeFiles/CMakeTmp/CheckSymbolExists.cxx
/home/brandon/Projects/root-6.10.04/root/CMakeFiles/CMakeTmp/CheckSymbolExists.cxx: In function ‘int main(int, char**)’:
/home/brandon/Projects/root-6.10.04/root/CMakeFiles/CMakeTmp/CheckSymbolExists.cxx:8:19: error: ‘Q_WS_WIN’ was not declared in this scope
   return ((int*)(&Q_WS_WIN))[argc];
                   ^~~~~~~~
/home/brandon/Projects/root-6.10.04/root/CMakeFiles/CMakeTmp/CheckSymbolExists.cxx:8:19: note: suggested alternative: ‘Q_WS_X11’
   return ((int*)(&Q_WS_WIN))[argc];
                   ^~~~~~~~
                   Q_WS_X11
CMakeFiles/cmTC_e49fa.dir/build.make:65: recipe for target 'CMakeFiles/cmTC_e49fa.dir/CheckSymbolExists.cxx.o' failed
make[1]: *** [CMakeFiles/cmTC_e49fa.dir/CheckSymbolExists.cxx.o] Error 1
make[1]: Leaving directory '/home/brandon/Projects/root-6.10.04/root/CMakeFiles/CMakeTmp'
Makefile:126: recipe for target 'cmTC_e49fa/fast' failed
make: *** [cmTC_e49fa/fast] Error 2

File /home/brandon/Projects/root-6.10.04/root/CMakeFiles/CMakeTmp/CheckSymbolExists.cxx:
/* */
#include <QtCore/qglobal.h>

int main(int argc, char** argv)
{
  (void)argv;
#ifndef Q_WS_WIN
  return ((int*)(&Q_WS_WIN))[argc];
#else
  (void)argc;
  return 0;
#endif
}

Determining if the Q_WS_QWS exist failed with the following output:
Change Dir: /home/brandon/Projects/root-6.10.04/root/CMakeFiles/CMakeTmp

Run Build Command:"/usr/bin/make" "cmTC_24c4b/fast"
/usr/bin/make -f CMakeFiles/cmTC_24c4b.dir/build.make CMakeFiles/cmTC_24c4b.dir/build
make[1]: Entering directory '/home/brandon/Projects/root-6.10.04/root/CMakeFiles/CMakeTmp'
Building CXX object CMakeFiles/cmTC_24c4b.dir/CheckSymbolExists.cxx.o
/usr/bin/c++   -I/usr/include/qt4  -Wno-implicit-fallthrough -Wno-noexcept-type -pipe -m64  -Wshadow -Wall -W -Woverloaded-virtual -fsigned-char -fPIC -pthread -std=c++11    -o CMakeFiles/cmTC_24c4b.dir/CheckSymbolExists.cxx.o -c /home/brandon/Projects/root-6.10.04/root/CMakeFiles/CMakeTmp/CheckSymbolExists.cxx
/home/brandon/Projects/root-6.10.04/root/CMakeFiles/CMakeTmp/CheckSymbolExists.cxx: In function ‘int main(int, char**)’:
/home/brandon/Projects/root-6.10.04/root/CMakeFiles/CMakeTmp/CheckSymbolExists.cxx:8:19: error: ‘Q_WS_QWS’ was not declared in this scope
   return ((int*)(&Q_WS_QWS))[argc];
                   ^~~~~~~~
/home/brandon/Projects/root-6.10.04/root/CMakeFiles/CMakeTmp/CheckSymbolExists.cxx:8:19: note: suggested alternative: ‘Q_WS_X11’
   return ((int*)(&Q_WS_QWS))[argc];
                   ^~~~~~~~
                   Q_WS_X11
CMakeFiles/cmTC_24c4b.dir/build.make:65: recipe for target 'CMakeFiles/cmTC_24c4b.dir/CheckSymbolExists.cxx.o' failed
make[1]: *** [CMakeFiles/cmTC_24c4b.dir/CheckSymbolExists.cxx.o] Error 1
make[1]: Leaving directory '/home/brandon/Projects/root-6.10.04/root/CMakeFiles/CMakeTmp'
Makefile:126: recipe for target 'cmTC_24c4b/fast' failed
make: *** [cmTC_24c4b/fast] Error 2

File /home/brandon/Projects/root-6.10.04/root/CMakeFiles/CMakeTmp/CheckSymbolExists.cxx:
/* */
#include <QtCore/qglobal.h>

int main(int argc, char** argv)
{
  (void)argv;
#ifndef Q_WS_QWS
  return ((int*)(&Q_WS_QWS))[argc];
#else
  (void)argc;
  return 0;
#endif
}

Determining if the Q_WS_MAC exist failed with the following output:
Change Dir: /home/brandon/Projects/root-6.10.04/root/CMakeFiles/CMakeTmp

Run Build Command:"/usr/bin/make" "cmTC_9dd98/fast"
/usr/bin/make -f CMakeFiles/cmTC_9dd98.dir/build.make CMakeFiles/cmTC_9dd98.dir/build
make[1]: Entering directory '/home/brandon/Projects/root-6.10.04/root/CMakeFiles/CMakeTmp'
Building CXX object CMakeFiles/cmTC_9dd98.dir/CheckSymbolExists.cxx.o
/usr/bin/c++   -I/usr/include/qt4  -Wno-implicit-fallthrough -Wno-noexcept-type -pipe -m64  -Wshadow -Wall -W -Woverloaded-virtual -fsigned-char -fPIC -pthread -std=c++11    -o CMakeFiles/cmTC_9dd98.dir/CheckSymbolExists.cxx.o -c /home/brandon/Projects/root-6.10.04/root/CMakeFiles/CMakeTmp/CheckSymbolExists.cxx
/home/brandon/Projects/root-6.10.04/root/CMakeFiles/CMakeTmp/CheckSymbolExists.cxx: In function ‘int main(int, char**)’:
/home/brandon/Projects/root-6.10.04/root/CMakeFiles/CMakeTmp/CheckSymbolExists.cxx:8:19: error: ‘Q_WS_MAC’ was not declared in this scope
   return ((int*)(&Q_WS_MAC))[argc];
                   ^~~~~~~~
/home/brandon/Projects/root-6.10.04/root/CMakeFiles/CMakeTmp/CheckSymbolExists.cxx:8:19: note: suggested alternative: ‘Q_WS_X11’
   return ((int*)(&Q_WS_MAC))[argc];
                   ^~~~~~~~
                   Q_WS_X11
CMakeFiles/cmTC_9dd98.dir/build.make:65: recipe for target 'CMakeFiles/cmTC_9dd98.dir/CheckSymbolExists.cxx.o' failed
make[1]: *** [CMakeFiles/cmTC_9dd98.dir/CheckSymbolExists.cxx.o] Error 1
make[1]: Leaving directory '/home/brandon/Projects/root-6.10.04/root/CMakeFiles/CMakeTmp'
Makefile:126: recipe for target 'cmTC_9dd98/fast' failed
make: *** [cmTC_9dd98/fast] Error 2

File /home/brandon/Projects/root-6.10.04/root/CMakeFiles/CMakeTmp/CheckSymbolExists.cxx:
/* */
#include <QtCore/qglobal.h>

int main(int argc, char** argv)
{
  (void)argv;
#ifndef Q_WS_MAC
  return ((int*)(&Q_WS_MAC))[argc];
#else
  (void)argc;
  return 0;
#endif
}

Determining if the include file malloc/malloc.h exists failed with the following output:
Change Dir: /home/brandon/Projects/root-6.10.04/root/CMakeFiles/CMakeTmp

Run Build Command:"/usr/bin/make" "cmTC_9f780/fast"
/usr/bin/make -f CMakeFiles/cmTC_9f780.dir/build.make CMakeFiles/cmTC_9f780.dir/build
make[1]: Entering directory '/home/brandon/Projects/root-6.10.04/root/CMakeFiles/CMakeTmp'
Building C object CMakeFiles/cmTC_9f780.dir/CheckIncludeFile.c.o
/usr/bin/cc   -Wno-implicit-fallthrough -pipe -m64 -Wall -W -fPIC -pthread    -o CMakeFiles/cmTC_9f780.dir/CheckIncludeFile.c.o   -c /home/brandon/Projects/root-6.10.04/root/CMakeFiles/CMakeTmp/CheckIncludeFile.c
/home/brandon/Projects/root-6.10.04/root/CMakeFiles/CMakeTmp/CheckIncludeFile.c:1:10: fatal error: malloc/malloc.h: No such file or directory
 #include <malloc/malloc.h>
          ^~~~~~~~~~~~~~~~~
compilation terminated.
CMakeFiles/cmTC_9f780.dir/build.make:65: recipe for target 'CMakeFiles/cmTC_9f780.dir/CheckIncludeFile.c.o' failed
make[1]: *** [CMakeFiles/cmTC_9f780.dir/CheckIncludeFile.c.o] Error 1
make[1]: Leaving directory '/home/brandon/Projects/root-6.10.04/root/CMakeFiles/CMakeTmp'
Makefile:126: recipe for target 'cmTC_9f780/fast' failed
make: *** [cmTC_9f780/fast] Error 2


Determining if the include file ndir.h exists failed with the following output:
Change Dir: /home/brandon/Projects/root-6.10.04/root/CMakeFiles/CMakeTmp

Run Build Command:"/usr/bin/make" "cmTC_26c37/fast"
/usr/bin/make -f CMakeFiles/cmTC_26c37.dir/build.make CMakeFiles/cmTC_26c37.dir/build
make[1]: Entering directory '/home/brandon/Projects/root-6.10.04/root/CMakeFiles/CMakeTmp'
Building C object CMakeFiles/cmTC_26c37.dir/CheckIncludeFile.c.o
/usr/bin/cc   -Wno-implicit-fallthrough -pipe -m64 -Wall -W -fPIC -pthread    -o CMakeFiles/cmTC_26c37.dir/CheckIncludeFile.c.o   -c /home/brandon/Projects/root-6.10.04/root/CMakeFiles/CMakeTmp/CheckIncludeFile.c
/home/brandon/Projects/root-6.10.04/root/CMakeFiles/CMakeTmp/CheckIncludeFile.c:1:10: fatal error: ndir.h: No such file or directory
 #include <ndir.h>
          ^~~~~~~~
compilation terminated.
CMakeFiles/cmTC_26c37.dir/build.make:65: recipe for target 'CMakeFiles/cmTC_26c37.dir/CheckIncludeFile.c.o' failed
make[1]: *** [CMakeFiles/cmTC_26c37.dir/CheckIncludeFile.c.o] Error 1
make[1]: Leaving directory '/home/brandon/Projects/root-6.10.04/root/CMakeFiles/CMakeTmp'
Makefile:126: recipe for target 'cmTC_26c37/fast' failed
make: *** [cmTC_26c37/fast] Error 2


Determining if the include file sys/ndir.h exists failed with the following output:
Change Dir: /home/brandon/Projects/root-6.10.04/root/CMakeFiles/CMakeTmp

Run Build Command:"/usr/bin/make" "cmTC_bacef/fast"
/usr/bin/make -f CMakeFiles/cmTC_bacef.dir/build.make CMakeFiles/cmTC_bacef.dir/build
make[1]: Entering directory '/home/brandon/Projects/root-6.10.04/root/CMakeFiles/CMakeTmp'
Building C object CMakeFiles/cmTC_bacef.dir/CheckIncludeFile.c.o
/usr/bin/cc   -Wno-implicit-fallthrough -pipe -m64 -Wall -W -fPIC -pthread    -o CMakeFiles/cmTC_bacef.dir/CheckIncludeFile.c.o   -c /home/brandon/Projects/root-6.10.04/root/CMakeFiles/CMakeTmp/CheckIncludeFile.c
/home/brandon/Projects/root-6.10.04/root/CMakeFiles/CMakeTmp/CheckIncludeFile.c:1:10: fatal error: sys/ndir.h: No such file or directory
 #include <sys/ndir.h>
          ^~~~~~~~~~~~
compilation terminated.
CMakeFiles/cmTC_bacef.dir/build.make:65: recipe for target 'CMakeFiles/cmTC_bacef.dir/CheckIncludeFile.c.o' failed
make[1]: *** [CMakeFiles/cmTC_bacef.dir/CheckIncludeFile.c.o] Error 1
make[1]: Leaving directory '/home/brandon/Projects/root-6.10.04/root/CMakeFiles/CMakeTmp'
Makefile:126: recipe for target 'cmTC_bacef/fast' failed
make: *** [cmTC_bacef/fast] Error 2


Determining if the include file valgrind/valgrind.h exists failed with the following output:
Change Dir: /home/brandon/Projects/root-6.10.04/root/CMakeFiles/CMakeTmp

Run Build Command:"/usr/bin/make" "cmTC_fc515/fast"
/usr/bin/make -f CMakeFiles/cmTC_fc515.dir/build.make CMakeFiles/cmTC_fc515.dir/build
make[1]: Entering directory '/home/brandon/Projects/root-6.10.04/root/CMakeFiles/CMakeTmp'
Building C object CMakeFiles/cmTC_fc515.dir/CheckIncludeFile.c.o
/usr/bin/cc   -Wno-implicit-fallthrough -pipe -m64 -Wall -W -fPIC -pthread    -o CMakeFiles/cmTC_fc515.dir/CheckIncludeFile.c.o   -c /home/brandon/Projects/root-6.10.04/root/CMakeFiles/CMakeTmp/CheckIncludeFile.c
/home/brandon/Projects/root-6.10.04/root/CMakeFiles/CMakeTmp/CheckIncludeFile.c:1:10: fatal error: valgrind/valgrind.h: No such file or directory
 #include <valgrind/valgrind.h>
          ^~~~~~~~~~~~~~~~~~~~~
compilation terminated.
CMakeFiles/cmTC_fc515.dir/build.make:65: recipe for target 'CMakeFiles/cmTC_fc515.dir/CheckIncludeFile.c.o' failed
make[1]: *** [CMakeFiles/cmTC_fc515.dir/CheckIncludeFile.c.o] Error 1
make[1]: Leaving directory '/home/brandon/Projects/root-6.10.04/root/CMakeFiles/CMakeTmp'
Makefile:126: recipe for target 'cmTC_fc515/fast' failed
make: *** [cmTC_fc515/fast] Error 2


Determining if the include file mach/mach.h exists failed with the following output:
Change Dir: /home/brandon/Projects/root-6.10.04/root/CMakeFiles/CMakeTmp

Run Build Command:"/usr/bin/make" "cmTC_ff213/fast"
/usr/bin/make -f CMakeFiles/cmTC_ff213.dir/build.make CMakeFiles/cmTC_ff213.dir/build
make[1]: Entering directory '/home/brandon/Projects/root-6.10.04/root/CMakeFiles/CMakeTmp'
Building C object CMakeFiles/cmTC_ff213.dir/CheckIncludeFile.c.o
/usr/bin/cc   -Wno-implicit-fallthrough -pipe -m64 -Wall -W -fPIC -pthread    -o CMakeFiles/cmTC_ff213.dir/CheckIncludeFile.c.o   -c /home/brandon/Projects/root-6.10.04/root/CMakeFiles/CMakeTmp/CheckIncludeFile.c
/home/brandon/Projects/root-6.10.04/root/CMakeFiles/CMakeTmp/CheckIncludeFile.c:1:10: fatal error: mach/mach.h: No such file or directory
 #include <mach/mach.h>
          ^~~~~~~~~~~~~
compilation terminated.
CMakeFiles/cmTC_ff213.dir/build.make:65: recipe for target 'CMakeFiles/cmTC_ff213.dir/CheckIncludeFile.c.o' failed
make[1]: *** [CMakeFiles/cmTC_ff213.dir/CheckIncludeFile.c.o] Error 1
make[1]: Leaving directory '/home/brandon/Projects/root-6.10.04/root/CMakeFiles/CMakeTmp'
Makefile:126: recipe for target 'cmTC_ff213/fast' failed
make: *** [cmTC_ff213/fast] Error 2


Determining if the include file mach-o/dyld.h exists failed with the following output:
Change Dir: /home/brandon/Projects/root-6.10.04/root/CMakeFiles/CMakeTmp

Run Build Command:"/usr/bin/make" "cmTC_592ef/fast"
/usr/bin/make -f CMakeFiles/cmTC_592ef.dir/build.make CMakeFiles/cmTC_592ef.dir/build
make[1]: Entering directory '/home/brandon/Projects/root-6.10.04/root/CMakeFiles/CMakeTmp'
Building C object CMakeFiles/cmTC_592ef.dir/CheckIncludeFile.c.o
/usr/bin/cc   -Wno-implicit-fallthrough -pipe -m64 -Wall -W -fPIC -pthread    -o CMakeFiles/cmTC_592ef.dir/CheckIncludeFile.c.o   -c /home/brandon/Projects/root-6.10.04/root/CMakeFiles/CMakeTmp/CheckIncludeFile.c
/home/brandon/Projects/root-6.10.04/root/CMakeFiles/CMakeTmp/CheckIncludeFile.c:1:10: fatal error: mach-o/dyld.h: No such file or directory
 #include <mach-o/dyld.h>
          ^~~~~~~~~~~~~~~
compilation terminated.
CMakeFiles/cmTC_592ef.dir/build.make:65: recipe for target 'CMakeFiles/cmTC_592ef.dir/CheckIncludeFile.c.o' failed
make[1]: *** [CMakeFiles/cmTC_592ef.dir/CheckIncludeFile.c.o] Error 1
make[1]: Leaving directory '/home/brandon/Projects/root-6.10.04/root/CMakeFiles/CMakeTmp'
Makefile:126: recipe for target 'cmTC_592ef/fast' failed
make: *** [cmTC_592ef/fast] Error 2


Determining if the include file histedit.h exists failed with the following output:
Change Dir: /home/brandon/Projects/root-6.10.04/root/CMakeFiles/CMakeTmp

Run Build Command:"/usr/bin/make" "cmTC_f0d1c/fast"
/usr/bin/make -f CMakeFiles/cmTC_f0d1c.dir/build.make CMakeFiles/cmTC_f0d1c.dir/build
make[1]: Entering directory '/home/brandon/Projects/root-6.10.04/root/CMakeFiles/CMakeTmp'
Building C object CMakeFiles/cmTC_f0d1c.dir/CheckIncludeFile.c.o
/usr/bin/cc   -Wno-implicit-fallthrough -pipe -m64 -Wall -W -fPIC -pthread    -o CMakeFiles/cmTC_f0d1c.dir/CheckIncludeFile.c.o   -c /home/brandon/Projects/root-6.10.04/root/CMakeFiles/CMakeTmp/CheckIncludeFile.c
/home/brandon/Projects/root-6.10.04/root/CMakeFiles/CMakeTmp/CheckIncludeFile.c:1:10: fatal error: histedit.h: No such file or directory
 #include <histedit.h>
          ^~~~~~~~~~~~
compilation terminated.
CMakeFiles/cmTC_f0d1c.dir/build.make:65: recipe for target 'CMakeFiles/cmTC_f0d1c.dir/CheckIncludeFile.c.o' failed
make[1]: *** [CMakeFiles/cmTC_f0d1c.dir/CheckIncludeFile.c.o] Error 1
make[1]: Leaving directory '/home/brandon/Projects/root-6.10.04/root/CMakeFiles/CMakeTmp'
Makefile:126: recipe for target 'cmTC_f0d1c/fast' failed
make: *** [cmTC_f0d1c/fast] Error 2


Determining if the function setupterm exists in the tinfo failed with the following output:
Change Dir: /home/brandon/Projects/root-6.10.04/root/CMakeFiles/CMakeTmp

Run Build Command:"/usr/bin/make" "cmTC_3c75b/fast"
/usr/bin/make -f CMakeFiles/cmTC_3c75b.dir/build.make CMakeFiles/cmTC_3c75b.dir/build
make[1]: Entering directory '/home/brandon/Projects/root-6.10.04/root/CMakeFiles/CMakeTmp'
Building C object CMakeFiles/cmTC_3c75b.dir/CheckFunctionExists.c.o
/usr/bin/cc   -Wno-implicit-fallthrough -pipe -m64 -Wall -W -fPIC -pthread -DCHECK_FUNCTION_EXISTS=setupterm   -o CMakeFiles/cmTC_3c75b.dir/CheckFunctionExists.c.o   -c /usr/share/cmake-3.10/Modules/CheckFunctionExists.c
Linking C executable cmTC_3c75b
/usr/bin/cmake -E cmake_link_script CMakeFiles/cmTC_3c75b.dir/link.txt --verbose=1
/usr/bin/cc  -Wno-implicit-fallthrough -pipe -m64 -Wall -W -fPIC -pthread -DCHECK_FUNCTION_EXISTS=setupterm   -rdynamic  CMakeFiles/cmTC_3c75b.dir/CheckFunctionExists.c.o  -o cmTC_3c75b -ltinfo -lm 
/usr/bin/ld: cannot find -ltinfo
collect2: error: ld returned 1 exit status
CMakeFiles/cmTC_3c75b.dir/build.make:97: recipe for target 'cmTC_3c75b' failed
make[1]: *** [cmTC_3c75b] Error 1
make[1]: Leaving directory '/home/brandon/Projects/root-6.10.04/root/CMakeFiles/CMakeTmp'
Makefile:126: recipe for target 'cmTC_3c75b/fast' failed
make: *** [cmTC_3c75b/fast] Error 2


Determining if the function setupterm exists in the terminfo failed with the following output:
Change Dir: /home/brandon/Projects/root-6.10.04/root/CMakeFiles/CMakeTmp

Run Build Command:"/usr/bin/make" "cmTC_50d65/fast"
/usr/bin/make -f CMakeFiles/cmTC_50d65.dir/build.make CMakeFiles/cmTC_50d65.dir/build
make[1]: Entering directory '/home/brandon/Projects/root-6.10.04/root/CMakeFiles/CMakeTmp'
Building C object CMakeFiles/cmTC_50d65.dir/CheckFunctionExists.c.o
/usr/bin/cc   -Wno-implicit-fallthrough -pipe -m64 -Wall -W -fPIC -pthread -DCHECK_FUNCTION_EXISTS=setupterm   -o CMakeFiles/cmTC_50d65.dir/CheckFunctionExists.c.o   -c /usr/share/cmake-3.10/Modules/CheckFunctionExists.c
Linking C executable cmTC_50d65
/usr/bin/cmake -E cmake_link_script CMakeFiles/cmTC_50d65.dir/link.txt --verbose=1
/usr/bin/cc  -Wno-implicit-fallthrough -pipe -m64 -Wall -W -fPIC -pthread -DCHECK_FUNCTION_EXISTS=setupterm   -rdynamic  CMakeFiles/cmTC_50d65.dir/CheckFunctionExists.c.o  -o cmTC_50d65 -lterminfo -lm 
/usr/bin/ld: cannot find -lterminfo
collect2: error: ld returned 1 exit status
CMakeFiles/cmTC_50d65.dir/build.make:97: recipe for target 'cmTC_50d65' failed
make[1]: *** [cmTC_50d65] Error 1
make[1]: Leaving directory '/home/brandon/Projects/root-6.10.04/root/CMakeFiles/CMakeTmp'
Makefile:126: recipe for target 'cmTC_50d65/fast' failed
make: *** [cmTC_50d65/fast] Error 2


Determining if the function setupterm exists in the curses failed with the following output:
Change Dir: /home/brandon/Projects/root-6.10.04/root/CMakeFiles/CMakeTmp

Run Build Command:"/usr/bin/make" "cmTC_cc33f/fast"
/usr/bin/make -f CMakeFiles/cmTC_cc33f.dir/build.make CMakeFiles/cmTC_cc33f.dir/build
make[1]: Entering directory '/home/brandon/Projects/root-6.10.04/root/CMakeFiles/CMakeTmp'
Building C object CMakeFiles/cmTC_cc33f.dir/CheckFunctionExists.c.o
/usr/bin/cc   -Wno-implicit-fallthrough -pipe -m64 -Wall -W -fPIC -pthread -DCHECK_FUNCTION_EXISTS=setupterm   -o CMakeFiles/cmTC_cc33f.dir/CheckFunctionExists.c.o   -c /usr/share/cmake-3.10/Modules/CheckFunctionExists.c
Linking C executable cmTC_cc33f
/usr/bin/cmake -E cmake_link_script CMakeFiles/cmTC_cc33f.dir/link.txt --verbose=1
/usr/bin/cc  -Wno-implicit-fallthrough -pipe -m64 -Wall -W -fPIC -pthread -DCHECK_FUNCTION_EXISTS=setupterm   -rdynamic  CMakeFiles/cmTC_cc33f.dir/CheckFunctionExists.c.o  -o cmTC_cc33f -lcurses -lm 
/usr/bin/ld: cannot find -lcurses
collect2: error: ld returned 1 exit status
CMakeFiles/cmTC_cc33f.dir/build.make:97: recipe for target 'cmTC_cc33f' failed
make[1]: *** [cmTC_cc33f] Error 1
make[1]: Leaving directory '/home/brandon/Projects/root-6.10.04/root/CMakeFiles/CMakeTmp'
Makefile:126: recipe for target 'cmTC_cc33f/fast' failed
make: *** [cmTC_cc33f/fast] Error 2


Determining if the function setupterm exists in the ncurses failed with the following output:
Change Dir: /home/brandon/Projects/root-6.10.04/root/CMakeFiles/CMakeTmp

Run Build Command:"/usr/bin/make" "cmTC_aa917/fast"
/usr/bin/make -f CMakeFiles/cmTC_aa917.dir/build.make CMakeFiles/cmTC_aa917.dir/build
make[1]: Entering directory '/home/brandon/Projects/root-6.10.04/root/CMakeFiles/CMakeTmp'
Building C object CMakeFiles/cmTC_aa917.dir/CheckFunctionExists.c.o
/usr/bin/cc   -Wno-implicit-fallthrough -pipe -m64 -Wall -W -fPIC -pthread -DCHECK_FUNCTION_EXISTS=setupterm   -o CMakeFiles/cmTC_aa917.dir/CheckFunctionExists.c.o   -c /usr/share/cmake-3.10/Modules/CheckFunctionExists.c
Linking C executable cmTC_aa917
/usr/bin/cmake -E cmake_link_script CMakeFiles/cmTC_aa917.dir/link.txt --verbose=1
/usr/bin/cc  -Wno-implicit-fallthrough -pipe -m64 -Wall -W -fPIC -pthread -DCHECK_FUNCTION_EXISTS=setupterm   -rdynamic  CMakeFiles/cmTC_aa917.dir/CheckFunctionExists.c.o  -o cmTC_aa917 -lncurses -lm 
/usr/bin/ld: cannot find -lncurses
collect2: error: ld returned 1 exit status
CMakeFiles/cmTC_aa917.dir/build.make:97: recipe for target 'cmTC_aa917' failed
make[1]: *** [cmTC_aa917] Error 1
make[1]: Leaving directory '/home/brandon/Projects/root-6.10.04/root/CMakeFiles/CMakeTmp'
Makefile:126: recipe for target 'cmTC_aa917/fast' failed
make: *** [cmTC_aa917/fast] Error 2


Determining if the function setupterm exists in the ncursesw failed with the following output:
Change Dir: /home/brandon/Projects/root-6.10.04/root/CMakeFiles/CMakeTmp

Run Build Command:"/usr/bin/make" "cmTC_cb72e/fast"
/usr/bin/make -f CMakeFiles/cmTC_cb72e.dir/build.make CMakeFiles/cmTC_cb72e.dir/build
make[1]: Entering directory '/home/brandon/Projects/root-6.10.04/root/CMakeFiles/CMakeTmp'
Building C object CMakeFiles/cmTC_cb72e.dir/CheckFunctionExists.c.o
/usr/bin/cc   -Wno-implicit-fallthrough -pipe -m64 -Wall -W -fPIC -pthread -DCHECK_FUNCTION_EXISTS=setupterm   -o CMakeFiles/cmTC_cb72e.dir/CheckFunctionExists.c.o   -c /usr/share/cmake-3.10/Modules/CheckFunctionExists.c
Linking C executable cmTC_cb72e
/usr/bin/cmake -E cmake_link_script CMakeFiles/cmTC_cb72e.dir/link.txt --verbose=1
/usr/bin/cc  -Wno-implicit-fallthrough -pipe -m64 -Wall -W -fPIC -pthread -DCHECK_FUNCTION_EXISTS=setupterm   -rdynamic  CMakeFiles/cmTC_cb72e.dir/CheckFunctionExists.c.o  -o cmTC_cb72e -lncursesw -lm 
/usr/bin/ld: cannot find -lncursesw
collect2: error: ld returned 1 exit status
CMakeFiles/cmTC_cb72e.dir/build.make:97: recipe for target 'cmTC_cb72e' failed
make[1]: *** [cmTC_cb72e] Error 1
make[1]: Leaving directory '/home/brandon/Projects/root-6.10.04/root/CMakeFiles/CMakeTmp'
Makefile:126: recipe for target 'cmTC_cb72e/fast' failed
make: *** [cmTC_cb72e/fast] Error 2


Determining if the function xar_open exists in the xar failed with the following output:
Change Dir: /home/brandon/Projects/root-6.10.04/root/CMakeFiles/CMakeTmp

Run Build Command:"/usr/bin/make" "cmTC_07269/fast"
/usr/bin/make -f CMakeFiles/cmTC_07269.dir/build.make CMakeFiles/cmTC_07269.dir/build
make[1]: Entering directory '/home/brandon/Projects/root-6.10.04/root/CMakeFiles/CMakeTmp'
Building C object CMakeFiles/cmTC_07269.dir/CheckFunctionExists.c.o
/usr/bin/cc   -Wno-implicit-fallthrough -pipe -m64 -Wall -W -fPIC -pthread -DCHECK_FUNCTION_EXISTS=xar_open   -o CMakeFiles/cmTC_07269.dir/CheckFunctionExists.c.o   -c /usr/share/cmake-3.10/Modules/CheckFunctionExists.c
Linking C executable cmTC_07269
/usr/bin/cmake -E cmake_link_script CMakeFiles/cmTC_07269.dir/link.txt --verbose=1
/usr/bin/cc  -Wno-implicit-fallthrough -pipe -m64 -Wall -W -fPIC -pthread -DCHECK_FUNCTION_EXISTS=xar_open   -rdynamic  CMakeFiles/cmTC_07269.dir/CheckFunctionExists.c.o  -o cmTC_07269 -lxar -lm 
/usr/bin/ld: cannot find -lxar
collect2: error: ld returned 1 exit status
CMakeFiles/cmTC_07269.dir/build.make:97: recipe for target 'cmTC_07269' failed
make[1]: *** [cmTC_07269] Error 1
make[1]: Leaving directory '/home/brandon/Projects/root-6.10.04/root/CMakeFiles/CMakeTmp'
Makefile:126: recipe for target 'cmTC_07269/fast' failed
make: *** [cmTC_07269/fast] Error 2


Determining if the arc4random exist failed with the following output:
Change Dir: /home/brandon/Projects/root-6.10.04/root/CMakeFiles/CMakeTmp

Run Build Command:"/usr/bin/make" "cmTC_c5ebd/fast"
/usr/bin/make -f CMakeFiles/cmTC_c5ebd.dir/build.make CMakeFiles/cmTC_c5ebd.dir/build
make[1]: Entering directory '/home/brandon/Projects/root-6.10.04/root/CMakeFiles/CMakeTmp'
Building C object CMakeFiles/cmTC_c5ebd.dir/CheckSymbolExists.c.o
/usr/bin/cc   -Wno-implicit-fallthrough -pipe -m64 -Wall -W -fPIC -pthread    -o CMakeFiles/cmTC_c5ebd.dir/CheckSymbolExists.c.o   -c /home/brandon/Projects/root-6.10.04/root/CMakeFiles/CMakeTmp/CheckSymbolExists.c
/home/brandon/Projects/root-6.10.04/root/CMakeFiles/CMakeTmp/CheckSymbolExists.c: In function ‘main’:
/home/brandon/Projects/root-6.10.04/root/CMakeFiles/CMakeTmp/CheckSymbolExists.c:8:19: error: ‘arc4random’ undeclared (first use in this function); did you mean ‘srandom’?
   return ((int*)(&arc4random))[argc];
                   ^~~~~~~~~~
                   srandom
/home/brandon/Projects/root-6.10.04/root/CMakeFiles/CMakeTmp/CheckSymbolExists.c:8:19: note: each undeclared identifier is reported only once for each function it appears in
/home/brandon/Projects/root-6.10.04/root/CMakeFiles/CMakeTmp/CheckSymbolExists.c:4:14: warning: parameter ‘argc’ set but not used [-Wunused-but-set-parameter]
 int main(int argc, char** argv)
              ^~~~
CMakeFiles/cmTC_c5ebd.dir/build.make:65: recipe for target 'CMakeFiles/cmTC_c5ebd.dir/CheckSymbolExists.c.o' failed
make[1]: *** [CMakeFiles/cmTC_c5ebd.dir/CheckSymbolExists.c.o] Error 1
make[1]: Leaving directory '/home/brandon/Projects/root-6.10.04/root/CMakeFiles/CMakeTmp'
Makefile:126: recipe for target 'cmTC_c5ebd/fast' failed
make: *** [cmTC_c5ebd/fast] Error 2

File /home/brandon/Projects/root-6.10.04/root/CMakeFiles/CMakeTmp/CheckSymbolExists.c:
/* */
#include <stdlib.h>

int main(int argc, char** argv)
{
  (void)argv;
#ifndef arc4random
  return ((int*)(&arc4random))[argc];
#else
  (void)argc;
  return 0;
#endif
}

Determining if the mallctl exist failed with the following output:
Change Dir: /home/brandon/Projects/root-6.10.04/root/CMakeFiles/CMakeTmp

Run Build Command:"/usr/bin/make" "cmTC_100f3/fast"
/usr/bin/make -f CMakeFiles/cmTC_100f3.dir/build.make CMakeFiles/cmTC_100f3.dir/build
make[1]: Entering directory '/home/brandon/Projects/root-6.10.04/root/CMakeFiles/CMakeTmp'
Building C object CMakeFiles/cmTC_100f3.dir/CheckSymbolExists.c.o
/usr/bin/cc   -Wno-implicit-fallthrough -pipe -m64 -Wall -W -fPIC -pthread    -o CMakeFiles/cmTC_100f3.dir/CheckSymbolExists.c.o   -c /home/brandon/Projects/root-6.10.04/root/CMakeFiles/CMakeTmp/CheckSymbolExists.c
/home/brandon/Projects/root-6.10.04/root/CMakeFiles/CMakeTmp/CheckSymbolExists.c:2:10: fatal error: malloc_np.h: No such file or directory
 #include <malloc_np.h>
          ^~~~~~~~~~~~~
compilation terminated.
CMakeFiles/cmTC_100f3.dir/build.make:65: recipe for target 'CMakeFiles/cmTC_100f3.dir/CheckSymbolExists.c.o' failed
make[1]: *** [CMakeFiles/cmTC_100f3.dir/CheckSymbolExists.c.o] Error 1
make[1]: Leaving directory '/home/brandon/Projects/root-6.10.04/root/CMakeFiles/CMakeTmp'
Makefile:126: recipe for target 'cmTC_100f3/fast' failed
make: *** [cmTC_100f3/fast] Error 2

File /home/brandon/Projects/root-6.10.04/root/CMakeFiles/CMakeTmp/CheckSymbolExists.c:
/* */
#include <malloc_np.h>

int main(int argc, char** argv)
{
  (void)argv;
#ifndef mallctl
  return ((int*)(&mallctl))[argc];
#else
  (void)argc;
  return 0;
#endif
}

Determining if the malloc_zone_statistics exist failed with the following output:
Change Dir: /home/brandon/Projects/root-6.10.04/root/CMakeFiles/CMakeTmp

Run Build Command:"/usr/bin/make" "cmTC_fb39c/fast"
/usr/bin/make -f CMakeFiles/cmTC_fb39c.dir/build.make CMakeFiles/cmTC_fb39c.dir/build
make[1]: Entering directory '/home/brandon/Projects/root-6.10.04/root/CMakeFiles/CMakeTmp'
Building C object CMakeFiles/cmTC_fb39c.dir/CheckSymbolExists.c.o
/usr/bin/cc   -Wno-implicit-fallthrough -pipe -m64 -Wall -W -fPIC -pthread    -o CMakeFiles/cmTC_fb39c.dir/CheckSymbolExists.c.o   -c /home/brandon/Projects/root-6.10.04/root/CMakeFiles/CMakeTmp/CheckSymbolExists.c
/home/brandon/Projects/root-6.10.04/root/CMakeFiles/CMakeTmp/CheckSymbolExists.c:2:10: fatal error: malloc/malloc.h: No such file or directory
 #include <malloc/malloc.h>
          ^~~~~~~~~~~~~~~~~
compilation terminated.
CMakeFiles/cmTC_fb39c.dir/build.make:65: recipe for target 'CMakeFiles/cmTC_fb39c.dir/CheckSymbolExists.c.o' failed
make[1]: *** [CMakeFiles/cmTC_fb39c.dir/CheckSymbolExists.c.o] Error 1
make[1]: Leaving directory '/home/brandon/Projects/root-6.10.04/root/CMakeFiles/CMakeTmp'
Makefile:126: recipe for target 'cmTC_fb39c/fast' failed
make: *** [cmTC_fb39c/fast] Error 2

File /home/brandon/Projects/root-6.10.04/root/CMakeFiles/CMakeTmp/CheckSymbolExists.c:
/* */
#include <malloc/malloc.h>

int main(int argc, char** argv)
{
  (void)argv;
#ifndef malloc_zone_statistics
  return ((int*)(&malloc_zone_statistics))[argc];
#else
  (void)argc;
  return 0;
#endif
}

Determining if the strerror_s exist failed with the following output:
Change Dir: /home/brandon/Projects/root-6.10.04/root/CMakeFiles/CMakeTmp

Run Build Command:"/usr/bin/make" "cmTC_5129f/fast"
/usr/bin/make -f CMakeFiles/cmTC_5129f.dir/build.make CMakeFiles/cmTC_5129f.dir/build
make[1]: Entering directory '/home/brandon/Projects/root-6.10.04/root/CMakeFiles/CMakeTmp'
Building C object CMakeFiles/cmTC_5129f.dir/CheckSymbolExists.c.o
/usr/bin/cc   -Wno-implicit-fallthrough -pipe -m64 -Wall -W -fPIC -pthread    -o CMakeFiles/cmTC_5129f.dir/CheckSymbolExists.c.o   -c /home/brandon/Projects/root-6.10.04/root/CMakeFiles/CMakeTmp/CheckSymbolExists.c
/home/brandon/Projects/root-6.10.04/root/CMakeFiles/CMakeTmp/CheckSymbolExists.c: In function ‘main’:
/home/brandon/Projects/root-6.10.04/root/CMakeFiles/CMakeTmp/CheckSymbolExists.c:8:19: error: ‘strerror_s’ undeclared (first use in this function); did you mean ‘strerror_l’?
   return ((int*)(&strerror_s))[argc];
                   ^~~~~~~~~~
                   strerror_l
/home/brandon/Projects/root-6.10.04/root/CMakeFiles/CMakeTmp/CheckSymbolExists.c:8:19: note: each undeclared identifier is reported only once for each function it appears in
/home/brandon/Projects/root-6.10.04/root/CMakeFiles/CMakeTmp/CheckSymbolExists.c:4:14: warning: parameter ‘argc’ set but not used [-Wunused-but-set-parameter]
 int main(int argc, char** argv)
              ^~~~
CMakeFiles/cmTC_5129f.dir/build.make:65: recipe for target 'CMakeFiles/cmTC_5129f.dir/CheckSymbolExists.c.o' failed
make[1]: *** [CMakeFiles/cmTC_5129f.dir/CheckSymbolExists.c.o] Error 1
make[1]: Leaving directory '/home/brandon/Projects/root-6.10.04/root/CMakeFiles/CMakeTmp'
Makefile:126: recipe for target 'cmTC_5129f/fast' failed
make: *** [cmTC_5129f/fast] Error 2

File /home/brandon/Projects/root-6.10.04/root/CMakeFiles/CMakeTmp/CheckSymbolExists.c:
/* */
#include <string.h>

int main(int argc, char** argv)
{
  (void)argv;
#ifndef strerror_s
  return ((int*)(&strerror_s))[argc];
#else
  (void)argc;
  return 0;
#endif
}

Performing C++ SOURCE FILE Test CXX_SUPPORTS_NO_NESTED_ANON_TYPES_FLAG failed with the following output:
Change Dir: /home/brandon/Projects/root-6.10.04/root/CMakeFiles/CMakeTmp

Run Build Command:"/usr/bin/make" "cmTC_7b994/fast"
/usr/bin/make -f CMakeFiles/cmTC_7b994.dir/build.make CMakeFiles/cmTC_7b994.dir/build
make[1]: Entering directory '/home/brandon/Projects/root-6.10.04/root/CMakeFiles/CMakeTmp'
Building CXX object CMakeFiles/cmTC_7b994.dir/src.cxx.o
/usr/bin/c++    -Wno-implicit-fallthrough -Wno-noexcept-type -pipe -m64  -Wshadow -Wall -W -Woverloaded-virtual -fsigned-char -fPIC -pthread -std=c++11 -fvisibility=hidden -fPIC -fvisibility-inlines-hidden -w -Werror=date-time -std=c++11 -ffunction-sections -fdata-sections -fno-common -Woverloaded-virtual -fno-strict-aliasing -DCXX_SUPPORTS_NO_NESTED_ANON_TYPES_FLAG   -Werror -Wnested-anon-types -o CMakeFiles/cmTC_7b994.dir/src.cxx.o -c /home/brandon/Projects/root-6.10.04/root/CMakeFiles/CMakeTmp/src.cxx
c++: error: unrecognized command line option ‘-Wnested-anon-types’; did you mean ‘-Wnested-externs’?
CMakeFiles/cmTC_7b994.dir/build.make:65: recipe for target 'CMakeFiles/cmTC_7b994.dir/src.cxx.o' failed
make[1]: *** [CMakeFiles/cmTC_7b994.dir/src.cxx.o] Error 1
make[1]: Leaving directory '/home/brandon/Projects/root-6.10.04/root/CMakeFiles/CMakeTmp'
Makefile:126: recipe for target 'cmTC_7b994/fast' failed
make: *** [cmTC_7b994/fast] Error 2

Source file was:
int main() { return 0;}
Performing C++ SOURCE FILE Test found_stdstringview failed with the following output:
Change Dir: /home/brandon/Projects/root-6.10.04/root/CMakeFiles/CMakeTmp

Run Build Command:"/usr/bin/make" "cmTC_cc69e/fast"
/usr/bin/make -f CMakeFiles/cmTC_cc69e.dir/build.make CMakeFiles/cmTC_cc69e.dir/build
make[1]: Entering directory '/home/brandon/Projects/root-6.10.04/root/CMakeFiles/CMakeTmp'
Building CXX object CMakeFiles/cmTC_cc69e.dir/src.cxx.o
/usr/bin/c++    -Wno-implicit-fallthrough -Wno-noexcept-type -pipe -m64  -Wshadow -Wall -W -Woverloaded-virtual -fsigned-char -fPIC -pthread -std=c++11 -Dfound_stdstringview   -o CMakeFiles/cmTC_cc69e.dir/src.cxx.o -c /home/brandon/Projects/root-6.10.04/root/CMakeFiles/CMakeTmp/src.cxx
/home/brandon/Projects/root-6.10.04/root/CMakeFiles/CMakeTmp/src.cxx: In function ‘int main()’:
/home/brandon/Projects/root-6.10.04/root/CMakeFiles/CMakeTmp/src.cxx:2:52: error: ‘string_view’ is not a member of ‘std’
   int main() { char arr[3] = {'B', 'a', 'r'}; std::string_view strv(arr, sizeof(arr)); return 0;}
                                                    ^~~~~~~~~~~
/home/brandon/Projects/root-6.10.04/root/CMakeFiles/CMakeTmp/src.cxx:2:21: warning: unused variable ‘arr’ [-Wunused-variable]
   int main() { char arr[3] = {'B', 'a', 'r'}; std::string_view strv(arr, sizeof(arr)); return 0;}
                     ^~~
CMakeFiles/cmTC_cc69e.dir/build.make:65: recipe for target 'CMakeFiles/cmTC_cc69e.dir/src.cxx.o' failed
make[1]: *** [CMakeFiles/cmTC_cc69e.dir/src.cxx.o] Error 1
make[1]: Leaving directory '/home/brandon/Projects/root-6.10.04/root/CMakeFiles/CMakeTmp'
Makefile:126: recipe for target 'cmTC_cc69e/fast' failed
make: *** [cmTC_cc69e/fast] Error 2

Source file was:
#include <string_view>
  int main() { char arr[3] = {'B', 'a', 'r'}; std::string_view strv(arr, sizeof(arr)); return 0;}
Performing C++ SOURCE FILE Test found_stdexpstringview failed with the following output:
Change Dir: /home/brandon/Projects/root-6.10.04/root/CMakeFiles/CMakeTmp

Run Build Command:"/usr/bin/make" "cmTC_bacb7/fast"
/usr/bin/make -f CMakeFiles/cmTC_bacb7.dir/build.make CMakeFiles/cmTC_bacb7.dir/build
make[1]: Entering directory '/home/brandon/Projects/root-6.10.04/root/CMakeFiles/CMakeTmp'
Building CXX object CMakeFiles/cmTC_bacb7.dir/src.cxx.o
/usr/bin/c++    -Wno-implicit-fallthrough -Wno-noexcept-type -pipe -m64  -Wshadow -Wall -W -Woverloaded-virtual -fsigned-char -fPIC -pthread -std=c++11 -Dfound_stdexpstringview   -o CMakeFiles/cmTC_bacb7.dir/src.cxx.o -c /home/brandon/Projects/root-6.10.04/root/CMakeFiles/CMakeTmp/src.cxx
In file included from /usr/include/c++/7/experimental/string_view:39:0,
                 from /home/brandon/Projects/root-6.10.04/root/CMakeFiles/CMakeTmp/src.cxx:1:
/usr/include/c++/7/bits/c++14_warning.h:32:2: error: #error This file requires compiler and library support for the ISO C++ 2014 standard. This support must be enabled with the -std=c++14 or -std=gnu++14 compiler options.
 #error This file requires compiler and library support \
  ^~~~~
/home/brandon/Projects/root-6.10.04/root/CMakeFiles/CMakeTmp/src.cxx: In function ‘int main()’:
/home/brandon/Projects/root-6.10.04/root/CMakeFiles/CMakeTmp/src.cxx:2:22: error: ‘std::experimental’ has not been declared
    int main() { std::experimental::string_view().to_string(); return 0;}
                      ^~~~~~~~~~~~
CMakeFiles/cmTC_bacb7.dir/build.make:65: recipe for target 'CMakeFiles/cmTC_bacb7.dir/src.cxx.o' failed
make[1]: *** [CMakeFiles/cmTC_bacb7.dir/src.cxx.o] Error 1
make[1]: Leaving directory '/home/brandon/Projects/root-6.10.04/root/CMakeFiles/CMakeTmp'
Makefile:126: recipe for target 'cmTC_bacb7/fast' failed
make: *** [cmTC_bacb7/fast] Error 2

Source file was:
#include <experimental/string_view>
   int main() { std::experimental::string_view().to_string(); return 0;}
Performing C++ SOURCE FILE Test found_stdapply failed with the following output:
Change Dir: /home/brandon/Projects/root-6.10.04/root/CMakeFiles/CMakeTmp

Run Build Command:"/usr/bin/make" "cmTC_68449/fast"
/usr/bin/make -f CMakeFiles/cmTC_68449.dir/build.make CMakeFiles/cmTC_68449.dir/build
make[1]: Entering directory '/home/brandon/Projects/root-6.10.04/root/CMakeFiles/CMakeTmp'
Building CXX object CMakeFiles/cmTC_68449.dir/src.cxx.o
/usr/bin/c++    -Wno-implicit-fallthrough -Wno-noexcept-type -pipe -m64  -Wshadow -Wall -W -Woverloaded-virtual -fsigned-char -fPIC -pthread -std=c++11 -Dfound_stdapply   -o CMakeFiles/cmTC_68449.dir/src.cxx.o -c /home/brandon/Projects/root-6.10.04/root/CMakeFiles/CMakeTmp/src.cxx
/home/brandon/Projects/root-6.10.04/root/CMakeFiles/CMakeTmp/src.cxx: In function ‘int main()’:
/home/brandon/Projects/root-6.10.04/root/CMakeFiles/CMakeTmp/src.cxx:2:19: error: ‘apply’ is not a member of ‘std’
 int main() { std::apply([](int, int){}, std::make_tuple(1,2)); return 0;}
                   ^~~~~
CMakeFiles/cmTC_68449.dir/build.make:65: recipe for target 'CMakeFiles/cmTC_68449.dir/src.cxx.o' failed
make[1]: *** [CMakeFiles/cmTC_68449.dir/src.cxx.o] Error 1
make[1]: Leaving directory '/home/brandon/Projects/root-6.10.04/root/CMakeFiles/CMakeTmp'
Makefile:126: recipe for target 'cmTC_68449/fast' failed
make: *** [cmTC_68449/fast] Error 2

Source file was:
#include <tuple>
int main() { std::apply([](int, int){}, std::make_tuple(1,2)); return 0;}
Performing C++ SOURCE FILE Test found_stdinvoke failed with the following output:
Change Dir: /home/brandon/Projects/root-6.10.04/root/CMakeFiles/CMakeTmp

Run Build Command:"/usr/bin/make" "cmTC_5e755/fast"
/usr/bin/make -f CMakeFiles/cmTC_5e755.dir/build.make CMakeFiles/cmTC_5e755.dir/build
make[1]: Entering directory '/home/brandon/Projects/root-6.10.04/root/CMakeFiles/CMakeTmp'
Building CXX object CMakeFiles/cmTC_5e755.dir/src.cxx.o
/usr/bin/c++    -Wno-implicit-fallthrough -Wno-noexcept-type -pipe -m64  -Wshadow -Wall -W -Woverloaded-virtual -fsigned-char -fPIC -pthread -std=c++11 -Dfound_stdinvoke   -o CMakeFiles/cmTC_5e755.dir/src.cxx.o -c /home/brandon/Projects/root-6.10.04/root/CMakeFiles/CMakeTmp/src.cxx
/home/brandon/Projects/root-6.10.04/root/CMakeFiles/CMakeTmp/src.cxx: In function ‘int main()’:
/home/brandon/Projects/root-6.10.04/root/CMakeFiles/CMakeTmp/src.cxx:2:26: error: ‘invoke’ is not a member of ‘std’
 int main() { return std::invoke([](int i){return i;}, 0); }
                          ^~~~~~
/home/brandon/Projects/root-6.10.04/root/CMakeFiles/CMakeTmp/src.cxx:2:26: note: suggested alternative: ‘__invoke’
 int main() { return std::invoke([](int i){return i;}, 0); }
                          ^~~~~~
                          __invoke
CMakeFiles/cmTC_5e755.dir/build.make:65: recipe for target 'CMakeFiles/cmTC_5e755.dir/src.cxx.o' failed
make[1]: *** [CMakeFiles/cmTC_5e755.dir/src.cxx.o] Error 1
make[1]: Leaving directory '/home/brandon/Projects/root-6.10.04/root/CMakeFiles/CMakeTmp'
Makefile:126: recipe for target 'cmTC_5e755/fast' failed
make: *** [cmTC_5e755/fast] Error 2

Source file was:
#include <functional>
int main() { return std::invoke([](int i){return i;}, 0); }
